This is pdfTeX, Version 3.1415926-2.5-1.40.14 (TeX Live 2013/Debian) (format=pdflatex 2015.2.16)  9 MAY 2017 15:44
entering extended mode
 restricted \write18 enabled.
 %&-line parsing enabled.
**SW_COUPLER.tex
(./SW_COUPLER.tex
LaTeX2e <2011/06/27>
Babel <3.9h> and hyphenation patterns for 78 languages loaded.
(/usr/share/texlive/texmf-dist/tex/latex/IEEEtran/IEEEtran.cls
Document Class: IEEEtran 2012/12/27 V1.8 by Michael Shell
-- See the "IEEEtran_HOWTO" manual for usage information.
-- http://www.michaelshell.org/tex/ieeetran/
\@IEEEtrantmpdimenA=\dimen102
\@IEEEtrantmpdimenB=\dimen103
\@IEEEtrantmpcountA=\count79
\@IEEEtrantmpcountB=\count80
\@IEEEtrantmptoksA=\toks14
LaTeX Font Info:    Try loading font information for OT1+ptm on input line 368.

(/usr/share/texlive/texmf-dist/tex/latex/psnfss/ot1ptm.fd
File: ot1ptm.fd 2001/06/04 font definitions for OT1/ptm.
)
-- Using 8.5in x 11in (letter) paper.
-- Using PDF output.
\@IEEEnormalsizeunitybaselineskip=\dimen104
-- This is a 10 point document.
\CLASSINFOnormalsizebaselineskip=\dimen105
\CLASSINFOnormalsizeunitybaselineskip=\dimen106
\IEEEnormaljot=\dimen107
LaTeX Font Info:    Font shape `OT1/ptm/bx/n' in size <5> not available
(Font)              Font shape `OT1/ptm/b/n' tried instead on input line 726.
LaTeX Font Info:    Font shape `OT1/ptm/bx/it' in size <5> not available
(Font)              Font shape `OT1/ptm/b/it' tried instead on input line 726.
LaTeX Font Info:    Font shape `OT1/ptm/bx/n' in size <7> not available
(Font)              Font shape `OT1/ptm/b/n' tried instead on input line 726.
LaTeX Font Info:    Font shape `OT1/ptm/bx/it' in size <7> not available
(Font)              Font shape `OT1/ptm/b/it' tried instead on input line 726.
LaTeX Font Info:    Font shape `OT1/ptm/bx/n' in size <8> not available
(Font)              Font shape `OT1/ptm/b/n' tried instead on input line 726.
LaTeX Font Info:    Font shape `OT1/ptm/bx/it' in size <8> not available
(Font)              Font shape `OT1/ptm/b/it' tried instead on input line 726.
LaTeX Font Info:    Font shape `OT1/ptm/bx/n' in size <9> not available
(Font)              Font shape `OT1/ptm/b/n' tried instead on input line 726.
LaTeX Font Info:    Font shape `OT1/ptm/bx/it' in size <9> not available
(Font)              Font shape `OT1/ptm/b/it' tried instead on input line 726.
LaTeX Font Info:    Font shape `OT1/ptm/bx/n' in size <10> not available
(Font)              Font shape `OT1/ptm/b/n' tried instead on input line 726.
LaTeX Font Info:    Font shape `OT1/ptm/bx/it' in size <10> not available
(Font)              Font shape `OT1/ptm/b/it' tried instead on input line 726.
LaTeX Font Info:    Font shape `OT1/ptm/bx/n' in size <11> not available
(Font)              Font shape `OT1/ptm/b/n' tried instead on input line 726.
LaTeX Font Info:    Font shape `OT1/ptm/bx/it' in size <11> not available
(Font)              Font shape `OT1/ptm/b/it' tried instead on input line 726.
LaTeX Font Info:    Font shape `OT1/ptm/bx/n' in size <12> not available
(Font)              Font shape `OT1/ptm/b/n' tried instead on input line 726.
LaTeX Font Info:    Font shape `OT1/ptm/bx/it' in size <12> not available
(Font)              Font shape `OT1/ptm/b/it' tried instead on input line 726.
LaTeX Font Info:    Font shape `OT1/ptm/bx/n' in size <17> not available
(Font)              Font shape `OT1/ptm/b/n' tried instead on input line 726.
LaTeX Font Info:    Font shape `OT1/ptm/bx/it' in size <17> not available
(Font)              Font shape `OT1/ptm/b/it' tried instead on input line 726.
LaTeX Font Info:    Font shape `OT1/ptm/bx/n' in size <20> not available
(Font)              Font shape `OT1/ptm/b/n' tried instead on input line 726.
LaTeX Font Info:    Font shape `OT1/ptm/bx/it' in size <20> not available
(Font)              Font shape `OT1/ptm/b/it' tried instead on input line 726.
LaTeX Font Info:    Font shape `OT1/ptm/bx/n' in size <24> not available
(Font)              Font shape `OT1/ptm/b/n' tried instead on input line 726.
LaTeX Font Info:    Font shape `OT1/ptm/bx/it' in size <24> not available
(Font)              Font shape `OT1/ptm/b/it' tried instead on input line 726.
\IEEEilabelindentA=\dimen108
\IEEEilabelindentB=\dimen109
\IEEEilabelindent=\dimen110
\IEEEelabelindent=\dimen111
\IEEEdlabelindent=\dimen112
\IEEElabelindent=\dimen113
\IEEEiednormlabelsep=\dimen114
\IEEEiedmathlabelsep=\dimen115
\IEEEiedtopsep=\skip41
\c@section=\count81
\c@subsection=\count82
\c@subsubsection=\count83
\c@paragraph=\count84
\c@IEEEsubequation=\count85
\abovecaptionskip=\skip42
\belowcaptionskip=\skip43
\c@figure=\count86
\c@table=\count87
\@IEEEeqnnumcols=\count88
\@IEEEeqncolcnt=\count89
\@IEEEsubeqnnumrollback=\count90
\@IEEEtmpitemindent=\dimen116
\c@IEEEbiography=\count91
\@IEEEtranrubishbin=\box26
) (/usr/share/texlive/texmf-dist/tex/latex/graphics/graphicx.sty
Package: graphicx 1999/02/16 v1.0f Enhanced LaTeX Graphics (DPC,SPQR)

(/usr/share/texlive/texmf-dist/tex/latex/graphics/keyval.sty
Package: keyval 1999/03/16 v1.13 key=value parser (DPC)
\KV@toks@=\toks15
)
(/usr/share/texlive/texmf-dist/tex/latex/graphics/graphics.sty
Package: graphics 2009/02/05 v1.0o Standard LaTeX Graphics (DPC,SPQR)

(/usr/share/texlive/texmf-dist/tex/latex/graphics/trig.sty
Package: trig 1999/03/16 v1.09 sin cos tan (DPC)
)
(/usr/share/texlive/texmf-dist/tex/latex/latexconfig/graphics.cfg
File: graphics.cfg 2010/04/23 v1.9 graphics configuration of TeX Live
)
Package graphics Info: Driver file: pdftex.def on input line 91.

(/usr/share/texlive/texmf-dist/tex/latex/pdftex-def/pdftex.def
File: pdftex.def 2011/05/27 v0.06d Graphics/color for pdfTeX

(/usr/share/texlive/texmf-dist/tex/generic/oberdiek/infwarerr.sty
Package: infwarerr 2010/04/08 v1.3 Providing info/warning/error messages (HO)
)
(/usr/share/texlive/texmf-dist/tex/generic/oberdiek/ltxcmds.sty
Package: ltxcmds 2011/11/09 v1.22 LaTeX kernel commands for general use (HO)
)
\Gread@gobject=\count92
))
\Gin@req@height=\dimen117
\Gin@req@width=\dimen118
)
(/usr/share/texlive/texmf-dist/tex/latex/amsmath/amsmath.sty
Package: amsmath 2013/01/14 v2.14 AMS math features
\@mathmargin=\skip44

For additional information on amsmath, use the `?' option.
(/usr/share/texlive/texmf-dist/tex/latex/amsmath/amstext.sty
Package: amstext 2000/06/29 v2.01

(/usr/share/texlive/texmf-dist/tex/latex/amsmath/amsgen.sty
File: amsgen.sty 1999/11/30 v2.0
\@emptytoks=\toks16
\ex@=\dimen119
))
(/usr/share/texlive/texmf-dist/tex/latex/amsmath/amsbsy.sty
Package: amsbsy 1999/11/29 v1.2d
\pmbraise@=\dimen120
)
(/usr/share/texlive/texmf-dist/tex/latex/amsmath/amsopn.sty
Package: amsopn 1999/12/14 v2.01 operator names
)
\inf@bad=\count93
LaTeX Info: Redefining \frac on input line 210.
\uproot@=\count94
\leftroot@=\count95
LaTeX Info: Redefining \overline on input line 306.
\classnum@=\count96
\DOTSCASE@=\count97
LaTeX Info: Redefining \ldots on input line 378.
LaTeX Info: Redefining \dots on input line 381.
LaTeX Info: Redefining \cdots on input line 466.
\Mathstrutbox@=\box27
\strutbox@=\box28
\big@size=\dimen121
LaTeX Font Info:    Redeclaring font encoding OML on input line 566.
LaTeX Font Info:    Redeclaring font encoding OMS on input line 567.
\macc@depth=\count98
\c@MaxMatrixCols=\count99
\dotsspace@=\muskip10
\c@parentequation=\count100
\dspbrk@lvl=\count101
\tag@help=\toks17
\row@=\count102
\column@=\count103
\maxfields@=\count104
\andhelp@=\toks18
\eqnshift@=\dimen122
\alignsep@=\dimen123
\tagshift@=\dimen124
\tagwidth@=\dimen125
\totwidth@=\dimen126
\lineht@=\dimen127
\@envbody=\toks19
\multlinegap=\skip45
\multlinetaggap=\skip46
\mathdisplay@stack=\toks20
LaTeX Info: Redefining \[ on input line 2665.
LaTeX Info: Redefining \] on input line 2666.
)
(/usr/share/texlive/texmf-dist/tex/latex/multirow/multirow.sty
\bigstrutjot=\dimen128
)
(./SW_COUPLER.aux)
\openout1 = `SW_COUPLER.aux'.

LaTeX Font Info:    Checking defaults for OML/cmm/m/it on input line 355.
LaTeX Font Info:    ... okay on input line 355.
LaTeX Font Info:    Checking defaults for T1/cmr/m/n on input line 355.
LaTeX Font Info:    ... okay on input line 355.
LaTeX Font Info:    Checking defaults for OT1/cmr/m/n on input line 355.
LaTeX Font Info:    ... okay on input line 355.
LaTeX Font Info:    Checking defaults for OMS/cmsy/m/n on input line 355.
LaTeX Font Info:    ... okay on input line 355.
LaTeX Font Info:    Checking defaults for OMX/cmex/m/n on input line 355.
LaTeX Font Info:    ... okay on input line 355.
LaTeX Font Info:    Checking defaults for U/cmr/m/n on input line 355.
LaTeX Font Info:    ... okay on input line 355.

(/usr/share/texlive/texmf-dist/tex/context/base/supp-pdf.mkii
[Loading MPS to PDF converter (version 2006.09.02).]
\scratchcounter=\count105
\scratchdimen=\dimen129
\scratchbox=\box29
\nofMPsegments=\count106
\nofMParguments=\count107
\everyMPshowfont=\toks21
\MPscratchCnt=\count108
\MPscratchDim=\dimen130
\MPnumerator=\count109
\makeMPintoPDFobject=\count110
\everyMPtoPDFconversion=\toks22
) (/usr/share/texlive/texmf-dist/tex/generic/oberdiek/pdftexcmds.sty
Package: pdftexcmds 2011/11/29 v0.20 Utility functions of pdfTeX for LuaTeX (HO
)

(/usr/share/texlive/texmf-dist/tex/generic/oberdiek/ifluatex.sty
Package: ifluatex 2010/03/01 v1.3 Provides the ifluatex switch (HO)
Package ifluatex Info: LuaTeX not detected.
)
(/usr/share/texlive/texmf-dist/tex/generic/oberdiek/ifpdf.sty
Package: ifpdf 2011/01/30 v2.3 Provides the ifpdf switch (HO)
Package ifpdf Info: pdfTeX in PDF mode is detected.
)
Package pdftexcmds Info: LuaTeX not detected.
Package pdftexcmds Info: \pdf@primitive is available.
Package pdftexcmds Info: \pdf@ifprimitive is available.
Package pdftexcmds Info: \pdfdraftmode found.
)
(/usr/share/texlive/texmf-dist/tex/latex/oberdiek/epstopdf-base.sty
Package: epstopdf-base 2010/02/09 v2.5 Base part for package epstopdf

(/usr/share/texlive/texmf-dist/tex/latex/oberdiek/grfext.sty
Package: grfext 2010/08/19 v1.1 Manage graphics extensions (HO)

(/usr/share/texlive/texmf-dist/tex/generic/oberdiek/kvdefinekeys.sty
Package: kvdefinekeys 2011/04/07 v1.3 Define keys (HO)
))
(/usr/share/texlive/texmf-dist/tex/latex/oberdiek/kvoptions.sty
Package: kvoptions 2011/06/30 v3.11 Key value format for package options (HO)

(/usr/share/texlive/texmf-dist/tex/generic/oberdiek/kvsetkeys.sty
Package: kvsetkeys 2012/04/25 v1.16 Key value parser (HO)

(/usr/share/texlive/texmf-dist/tex/generic/oberdiek/etexcmds.sty
Package: etexcmds 2011/02/16 v1.5 Avoid name clashes with e-TeX commands (HO)
Package etexcmds Info: Could not find \expanded.
(etexcmds)             That can mean that you are not using pdfTeX 1.50 or
(etexcmds)             that some package has redefined \expanded.
(etexcmds)             In the latter case, load this package earlier.
)))
Package grfext Info: Graphics extension search list:
(grfext)             [.png,.pdf,.jpg,.mps,.jpeg,.jbig2,.jb2,.PNG,.PDF,.JPG,.JPE
G,.JBIG2,.JB2,.eps]
(grfext)             \AppendGraphicsExtensions on input line 452.

(/usr/share/texlive/texmf-dist/tex/latex/latexconfig/epstopdf-sys.cfg
File: epstopdf-sys.cfg 2010/07/13 v1.3 Configuration of (r)epstopdf for TeX Liv
e
))
Underfull \hbox (badness 7186) in paragraph at lines 455--457
[]\OT1/ptm/b/it/9 Index Terms\OT1/ptm/b/n/9 ---Coupler, cou-pled line, CMOS, E-
band,
 []


LaTeX Warning: File `CS-CPW_basic.png' not found on input line 507.


! Package pdftex.def Error: File `CS-CPW_basic.png' not found.

See the pdftex.def package documentation for explanation.
Type  H <return>  for immediate help.
 ...                                              
                                                  
l.507 ...phics[width=\linewidth]{CS-CPW_basic.png}
                                                  
? 
LaTeX Font Info:    Try loading font information for OT1+pcr on input line 507.

(/usr/share/texlive/texmf-dist/tex/latex/psnfss/ot1pcr.fd
File: ot1pcr.fd 2001/06/04 font definitions for OT1/pcr.
) [1{/var/lib/texmf/fonts/map/pdftex/updmap/pdftex.map}


]
Missing character: There is no â in font ptmr7t!
Missing character: There is no € in font ptmr7t!
Missing character: There is no ™ in font ptmr7t!


LaTeX Warning: File `SW_CP_analysis.png' not found on input line 516.


! Package pdftex.def Error: File `SW_CP_analysis.png' not found.

See the pdftex.def package documentation for explanation.
Type  H <return>  for immediate help.
 ...                                              
                                                  
l.516 ...ics[width=\linewidth]{SW_CP_analysis.png}
                                                  
? 

LaTeX Warning: File `CMOS_technology5.png' not found on input line 530.


! Package pdftex.def Error: File `CMOS_technology5.png' not found.

See the pdftex.def package documentation for explanation.
Type  H <return>  for immediate help.
 ...                                              
                                                  
l.530 ...s[width=\linewidth]{CMOS_technology5.png}
                                                  
? 
[2]
Underfull \vbox (badness 10000) has occurred while \output is active []


Underfull \vbox (badness 10000) has occurred while \output is active []

 [3]

LaTeX Warning: File `behavior.png' not found on input line 542.


! Package pdftex.def Error: File `behavior.png' not found.

See the pdftex.def package documentation for explanation.
Type  H <return>  for immediate help.
 ...                                              
                                                  
l.542 ...egraphics[width=\linewidth]{behavior.png}
                                                  
? 

LaTeX Warning: File `Table_1_v1.png' not found on input line 549.


! Package pdftex.def Error: File `Table_1_v1.png' not found.

See the pdftex.def package documentation for explanation.
Type  H <return>  for immediate help.
 ...                                              
                                                  
l.549 ...raphics[width=\linewidth]{Table_1_v1.png}
                                                  
? 

LaTeX Warning: File `general_coupler.png' not found on input line 575.


! Package pdftex.def Error: File `general_coupler.png' not found.

See the pdftex.def package documentation for explanation.
Type  H <return>  for immediate help.
 ...                                              
                                                  
l.575 ...cs[width=\linewidth]{general_coupler.png}
                                                  
? 
[4]
Underfull \vbox (badness 10000) has occurred while \output is active []



LaTeX Warning: File `flow_chart2.png' not found on input line 590.


! Package pdftex.def Error: File `flow_chart2.png' not found.

See the pdftex.def package documentation for explanation.
Type  H <return>  for immediate help.
 ...                                              
                                                  
l.590 ...aphics[width=\linewidth]{flow_chart2.png}
                                                  
? 

Underfull \vbox (badness 10000) has occurred while \output is active []

 [5]

LaTeX Warning: File `CS-CPW_modified.png' not found on input line 602.


! Package pdftex.def Error: File `CS-CPW_modified.png' not found.

See the pdftex.def package documentation for explanation.
Type  H <return>  for immediate help.
 ...                                              
                                                  
l.602 ...cs[width=\linewidth]{CS-CPW_modified.png}
                                                  
? 

LaTeX Warning: File `special_structure2.png' not found on input line 608.


! Package pdftex.def Error: File `special_structure2.png' not found.

See the pdftex.def package documentation for explanation.
Type  H <return>  for immediate help.
 ...                                              
                                                  
l.608 ...width=\linewidth]{special_structure2.png}
                                                  
? 

Underfull \vbox (badness 2057) has occurred while \output is active []

 [6]

LaTeX Warning: File `3D_figure_coupler_v1.png' not found on input line 620.


! Package pdftex.def Error: File `3D_figure_coupler_v1.png' not found.

See the pdftex.def package documentation for explanation.
Type  H <return>  for immediate help.
 ...                                              
                                                  
l.620 ...dth=\linewidth]{3D_figure_coupler_v1.png}
                                                  
? 

LaTeX Warning: File `coupler_simulation2.png' not found on input line 626.


! Package pdftex.def Error: File `coupler_simulation2.png' not found.

See the pdftex.def package documentation for explanation.
Type  H <return>  for immediate help.
 ...                                              
                                                  
l.626 ...idth=\linewidth]{coupler_simulation2.png}
                                                  
? 
[7]

LaTeX Warning: File `micrograph_v1.png' not found on input line 638.


! Package pdftex.def Error: File `micrograph_v1.png' not found.

See the pdftex.def package documentation for explanation.
Type  H <return>  for immediate help.
 ...                                              
                                                  
l.638 ...hics[width=\linewidth]{micrograph_v1.png}
                                                  
? 

LaTeX Warning: File `Measured_deembed_coupler2.png' not found on input line 644
.


! Package pdftex.def Error: File `Measured_deembed_coupler2.png' not found.

See the pdftex.def package documentation for explanation.
Type  H <return>  for immediate help.
 ...                                              
                                                  
l.644 ...linewidth]{Measured_deembed_coupler2.png}
                                                  
? 

Underfull \vbox (badness 2057) has occurred while \output is active []



LaTeX Warning: File `measured_matching2.png' not found on input line 653.


! Package pdftex.def Error: File `measured_matching2.png' not found.

See the pdftex.def package documentation for explanation.
Type  H <return>  for immediate help.
 ...                                              
                                                  
l.653 ...width=\linewidth]{measured_matching2.png}
                                                  
? 

Overfull \hbox (4.61761pt too wide) in paragraph at lines 779--779
[][]| 
 []


Overfull \hbox (4.61761pt too wide) in paragraph at lines 779--779
[][]| 
 []


Overfull \hbox (4.58395pt too wide) in paragraph at lines 784--784
[]$\OT1/cmr/m/n/8 1\OML/cmm/m/it/8 :\OT1/cmr/m/n/8 66$| 
 []


Overfull \hbox (2.28957pt too wide) in paragraph at lines 784--784
[]$\OT1/cmr/m/n/8 20\OML/cmm/m/it/8 :\OT1/cmr/m/n/8 38$| 
 []


Overfull \hbox (4.58395pt too wide) in paragraph at lines 784--784
[]$\OT1/cmr/m/n/8 0\OML/cmm/m/it/8 :\OT1/cmr/m/n/8 65$| 
 []


Overfull \hbox (4.58395pt too wide) in paragraph at lines 786--786
[]$\OT1/cmr/m/n/8 3\OML/cmm/m/it/8 :\OT1/cmr/m/n/8 53$| 
 []


Overfull \hbox (4.58395pt too wide) in paragraph at lines 786--786
[]$\OT1/cmr/m/n/8 2\OML/cmm/m/it/8 :\OT1/cmr/m/n/8 04$| 
 []


Overfull \hbox (4.58395pt too wide) in paragraph at lines 786--786
[]$\OT1/cmr/m/n/8 11\OML/cmm/m/it/8 :\OT1/cmr/m/n/8 8$| 
 []


Overfull \hbox (4.58395pt too wide) in paragraph at lines 786--786
[]$\OT1/cmr/m/n/8 0\OML/cmm/m/it/8 :\OT1/cmr/m/n/8 71$| 
 []


Overfull \hbox (4.58395pt too wide) in paragraph at lines 788--788
[]$\OT1/cmr/m/n/8 2\OML/cmm/m/it/8 :\OT1/cmr/m/n/8 04$| 
 []


Overfull \hbox (2.28957pt too wide) in paragraph at lines 788--788
[]$\OT1/cmr/m/n/8 130\OML/cmm/m/it/8 :\OT1/cmr/m/n/8 5$| 
 []


Overfull \hbox (4.58395pt too wide) in paragraph at lines 788--788
[]$\OT1/cmr/m/n/8 0\OML/cmm/m/it/8 :\OT1/cmr/m/n/8 69$| 
 []


Overfull \hbox (4.58395pt too wide) in paragraph at lines 790--790
[]$\OT1/cmr/m/n/8 2\OML/cmm/m/it/8 :\OT1/cmr/m/n/8 04$| 
 []


Overfull \hbox (4.58395pt too wide) in paragraph at lines 792--792
[]$\OT1/cmr/m/n/8 2\OML/cmm/m/it/8 :\OT1/cmr/m/n/8 04$| 
 []


Overfull \hbox (2.28957pt too wide) in paragraph at lines 792--792
[]$\OT1/cmr/m/n/8 86\OML/cmm/m/it/8 :\OT1/cmr/m/n/8 25$| 
 []


Overfull \hbox (4.58395pt too wide) in paragraph at lines 792--792
[]$\OT1/cmr/m/n/8 0\OML/cmm/m/it/8 :\OT1/cmr/m/n/8 58$| 
 []


Overfull \hbox (2.28957pt too wide) in paragraph at lines 792--792
[]$\OT1/cmr/m/n/8 13\OML/cmm/m/it/8 :\OT1/cmr/m/n/8 25$| 
 []


Overfull \hbox (4.58395pt too wide) in paragraph at lines 794--794
[]$\OT1/cmr/m/n/8 2\OML/cmm/m/it/8 :\OT1/cmr/m/n/8 04$| 
 []


Overfull \hbox (2.28957pt too wide) in paragraph at lines 794--794
[]$\OT1/cmr/m/n/8 91\OML/cmm/m/it/8 :\OT1/cmr/m/n/8 68$| 
 []


Overfull \hbox (4.58395pt too wide) in paragraph at lines 796--796
[]$\OT1/cmr/m/n/8 2\OML/cmm/m/it/8 :\OT1/cmr/m/n/8 04$| 
 []


Overfull \hbox (2.28957pt too wide) in paragraph at lines 796--796
[]$\OT1/cmr/m/n/8 93\OML/cmm/m/it/8 :\OT1/cmr/m/n/8 45$| 
 []


Overfull \hbox (4.58395pt too wide) in paragraph at lines 796--796
[]$\OT1/cmr/m/n/8 0\OML/cmm/m/it/8 :\OT1/cmr/m/n/8 76$| 
 []


Overfull \hbox (4.58395pt too wide) in paragraph at lines 796--796
[]$\OT1/cmr/m/n/8 23\OML/cmm/m/it/8 :\OT1/cmr/m/n/8 8$| 
 []


Overfull \hbox (2.28957pt too wide) in paragraph at lines 796--796
[]$\OT1/cmr/m/n/8 15\OML/cmm/m/it/8 :\OT1/cmr/m/n/8 35$| 
 []


Overfull \hbox (4.58395pt too wide) in paragraph at lines 798--798
[]$\OT1/cmr/m/n/8 2\OML/cmm/m/it/8 :\OT1/cmr/m/n/8 04$| 
 []


Overfull \hbox (2.28957pt too wide) in paragraph at lines 798--798
[]$\OT1/cmr/m/n/8 15\OML/cmm/m/it/8 :\OT1/cmr/m/n/8 76$| 
 []


Overfull \hbox (4.58395pt too wide) in paragraph at lines 798--798
[]$\OT1/cmr/m/n/8 0\OML/cmm/m/it/8 :\OT1/cmr/m/n/8 75$| 
 []


Overfull \hbox (4.58395pt too wide) in paragraph at lines 798--798
[]$\OT1/cmr/m/n/8 18\OML/cmm/m/it/8 :\OT1/cmr/m/n/8 6$| 
 []


Overfull \hbox (4.58395pt too wide) in paragraph at lines 800--800
[]$\OT1/cmr/m/n/8 1\OML/cmm/m/it/8 :\OT1/cmr/m/n/8 57$| 
 []


Overfull \hbox (2.28957pt too wide) in paragraph at lines 800--800
[]$\OT1/cmr/m/n/8 16\OML/cmm/m/it/8 :\OT1/cmr/m/n/8 73$| 
 []


Overfull \hbox (2.28957pt too wide) in paragraph at lines 800--800
[]$\OT1/cmr/m/n/8 105\OML/cmm/m/it/8 :\OT1/cmr/m/n/8 7$| 
 []


Overfull \hbox (4.58395pt too wide) in paragraph at lines 800--800
[]$\OT1/cmr/m/n/8 0\OML/cmm/m/it/8 :\OT1/cmr/m/n/8 73$| 
 []


Overfull \hbox (4.58395pt too wide) in paragraph at lines 800--800
[]$\OT1/cmr/m/n/8 17\OML/cmm/m/it/8 :\OT1/cmr/m/n/8 5$| 
 []


Overfull \hbox (5.19513pt too wide) in paragraph at lines 811--811
[]\OT1/ptm/m/n/8 Frequency
 []


Underfull \hbox (badness 10000) in paragraph at lines 811--811
[]\OT1/ptm/m/n/8 Insertion
 []


Underfull \hbox (badness 10000) in paragraph at lines 811--811
\OT1/ptm/m/n/8 loss
 []


Overfull \hbox (1.33104pt too wide) in paragraph at lines 811--811
[]\OT1/ptm/m/n/8 Coupling
 []


Underfull \hbox (badness 10000) in paragraph at lines 811--811
[]\OT1/ptm/m/n/8 Return
 []


Underfull \hbox (badness 10000) in paragraph at lines 811--811
\OT1/ptm/m/n/8 loss
 []


Underfull \hbox (badness 10000) in paragraph at lines 811--811
[]$\OMS/cmsy/m/n/8 ^^F$\OT1/ptm/m/n/8 1 dB
 []


Underfull \hbox (badness 10000) in paragraph at lines 811--811
\OT1/ptm/m/n/8 BW
 []


Overfull \hbox (1.57497pt too wide) in paragraph at lines 811--812
[]\OT1/ptm/m/n/8 Size(mm$[]$)| 
 []


Overfull \hbox (4.45877pt too wide) in paragraph at lines 825--825
[]\OT1/ptm/m/n/8 [Ferrari.Thesis]| 
 []


Underfull \vbox (badness 10000) has occurred while \output is active []

 [8]
Underfull \vbox (badness 6461) has occurred while \output is active []

Missing character: There is no Ã in font ptmr7t!
Missing character: There is no ¤ in font ptmr7t!
Missing character: There is no Ã in font ptmr7t!
Missing character: There is no ¤ in font ptmr7t!
 [9]
[10

] (./SW_COUPLER.aux) ) 
Here is how much of TeX's memory you used:
 2880 strings out of 493304
 43112 string characters out of 6139871
 145784 words of memory out of 5000000
 6286 multiletter control sequences out of 15000+600000
 47396 words of font info for 89 fonts, out of 8000000 for 9000
 960 hyphenation exceptions out of 8191
 38i,11n,28p,1630b,260s stack positions out of 5000i,500n,10000p,200000b,80000s
{/usr/share/texlive/texmf-dist/fonts/enc/dvips/base/8r.en
c}</usr/share/texlive/texmf-dist/fonts/type1/public/amsfonts/cm/cmex10.pfb></us
r/share/texlive/texmf-dist/fonts/type1/public/amsfonts/cm/cmmi10.pfb></usr/shar
e/texlive/texmf-dist/fonts/type1/public/amsfonts/cm/cmmi7.pfb></usr/share/texli
ve/texmf-dist/fonts/type1/public/amsfonts/cm/cmmi8.pfb></usr/share/texlive/texm
f-dist/fonts/type1/public/amsfonts/cm/cmr10.pfb></usr/share/texlive/texmf-dist/
fonts/type1/public/amsfonts/cm/cmr6.pfb></usr/share/texlive/texmf-dist/fonts/ty
pe1/public/amsfonts/cm/cmr7.pfb></usr/share/texlive/texmf-dist/fonts/type1/publ
ic/amsfonts/cm/cmr8.pfb></usr/share/texlive/texmf-dist/fonts/type1/public/amsfo
nts/cm/cmsy10.pfb></usr/share/texlive/texmf-dist/fonts/type1/public/amsfonts/cm
/cmsy6.pfb></usr/share/texlive/texmf-dist/fonts/type1/public/amsfonts/cm/cmsy7.
pfb></usr/share/texlive/texmf-dist/fonts/type1/public/amsfonts/cm/cmsy8.pfb></u
sr/share/texlive/texmf-dist/fonts/type1/public/amsfonts/cm/cmsy9.pfb></usr/shar
e/texlive/texmf-dist/fonts/type1/urw/courier/ucrr8a.pfb></usr/share/texlive/tex
mf-dist/fonts/type1/urw/times/utmb8a.pfb></usr/share/texlive/texmf-dist/fonts/t
ype1/urw/times/utmbi8a.pfb></usr/share/texlive/texmf-dist/fonts/type1/urw/times
/utmr8a.pfb></usr/share/texlive/texmf-dist/fonts/type1/urw/times/utmri8a.pfb>
Output written on SW_COUPLER.pdf (10 pages, 206999 bytes).
PDF statistics:
 110 PDF objects out of 1000 (max. 8388607)
 79 compressed objects within 1 object stream
 0 named destinations out of 1000 (max. 500000)
 1 words of extra memory for PDF output out of 10000 (max. 10000000)

